<?xml version="1.0" encoding="UTF-8"?>
<testsuites name="Mocha Tests" time="0.0000" tests="2" failures="0">
  <testsuite name="Root Suite" timestamp="2026-03-12T16:26:09" tests="0" time="0.0000" failures="0">
  </testsuite>
  <testsuite name="App" timestamp="2026-03-12T16:26:09" tests="2" file="/home/davey/Desktop/simpleapp/test/app.test.js" time="0.0000" failures="0">
    <testcase name="App should pass a basic test" time="0.0000" classname="should pass a basic test">
    </testcase>
    <testcase name="App should handle math" time="0.0000" classname="should handle math">
    </testcase>
  </testsuite>
</testsuites>